<?xml version="1.0" encoding="UTF-8"?>
<testsuite xmlns:xsi="http://www.w3.org/2001/XMLSchema-instance" xsi:noNamespaceSchemaLocation="https://maven.apache.org/surefire/maven-surefire-plugin/xsd/surefire-test-report.xsd" name="com.msb.mall.ware.MallWareApplicationTests" time="13.303" tests="1" errors="0" skipped="0" failures="0">
  <properties>
    <property name="gopherProxySet" value="false"/>
    <property name="awt.toolkit" value="sun.lwawt.macosx.LWCToolkit"/>
    <property name="file.encoding.pkg" value="sun.io"/>
    <property name="java.specification.version" value="1.8"/>
    <property name="sun.cpu.isalist" value=""/>
    <property name="sun.jnu.encoding" value="UTF-8"/>
    <property name="java.class.path" value="/Users/motohalo/Documents/study/spackfiress/mall-ware/target/test-classes:/Users/motohalo/Documents/study/spackfiress/mall-ware/target/classes:/Users/motohalo/Documents/study/spackfiress/mall-commons/target/mall-commons-0.0.1-SNAPSHOT.jar:/Users/motohalo/Documents/work/apache-maven-3.6.3/localRepository/com/baomidou/mybatis-plus-boot-starter/3.3.1/mybatis-plus-boot-starter-3.3.1.jar:/Users/motohalo/Documents/work/apache-maven-3.6.3/localRepository/com/baomidou/mybatis-plus/3.3.1/mybatis-plus-3.3.1.jar:/Users/motohalo/Documents/work/apache-maven-3.6.3/localRepository/com/baomidou/mybatis-plus-extension/3.3.1/mybatis-plus-extension-3.3.1.jar:/Users/motohalo/Documents/work/apache-maven-3.6.3/localRepository/com/baomidou/mybatis-plus-core/3.3.1/mybatis-plus-core-3.3.1.jar:/Users/motohalo/Documents/work/apache-maven-3.6.3/localRepository/com/baomidou/mybatis-plus-annotation/3.3.1/mybatis-plus-annotation-3.3.1.jar:/Users/motohalo/Documents/work/apache-maven-3.6.3/localRepository/com/github/jsqlparser/jsqlparser/3.1/jsqlparser-3.1.jar:/Users/motohalo/Documents/work/apache-maven-3.6.3/localRepository/org/mybatis/mybatis/3.5.3/mybatis-3.5.3.jar:/Users/motohalo/Documents/work/apache-maven-3.6.3/localRepository/org/mybatis/mybatis-spring/2.0.3/mybatis-spring-2.0.3.jar:/Users/motohalo/Documents/work/apache-maven-3.6.3/localRepository/org/springframework/boot/spring-boot-autoconfigure/2.4.12/spring-boot-autoconfigure-2.4.12.jar:/Users/motohalo/Documents/work/apache-maven-3.6.3/localRepository/org/springframework/boot/spring-boot-starter-jdbc/2.4.12/spring-boot-starter-jdbc-2.4.12.jar:/Users/motohalo/Documents/work/apache-maven-3.6.3/localRepository/com/zaxxer/HikariCP/3.4.5/HikariCP-3.4.5.jar:/Users/motohalo/Documents/work/apache-maven-3.6.3/localRepository/org/springframework/spring-jdbc/5.3.12/spring-jdbc-5.3.12.jar:/Users/motohalo/Documents/work/apache-maven-3.6.3/localRepository/org/springframework/spring-tx/5.3.12/spring-tx-5.3.12.jar:/Users/motohalo/Documents/work/apache-maven-3.6.3/localRepository/mysql/mysql-connector-java/8.0.27/mysql-connector-java-8.0.27.jar:/Users/motohalo/Documents/work/apache-maven-3.6.3/localRepository/org/projectlombok/lombok/1.18.22/lombok-1.18.22.jar:/Users/motohalo/Documents/work/apache-maven-3.6.3/localRepository/commons-lang/commons-lang/2.6/commons-lang-2.6.jar:/Users/motohalo/Documents/work/apache-maven-3.6.3/localRepository/org/apache/httpcomponents/httpcore/4.4.14/httpcore-4.4.14.jar:/Users/motohalo/Documents/work/apache-maven-3.6.3/localRepository/com/alibaba/cloud/spring-cloud-starter-alibaba-nacos-discovery/2021.1/spring-cloud-starter-alibaba-nacos-discovery-2021.1.jar:/Users/motohalo/Documents/work/apache-maven-3.6.3/localRepository/com/alibaba/cloud/spring-cloud-alibaba-commons/2021.1/spring-cloud-alibaba-commons-2021.1.jar:/Users/motohalo/Documents/work/apache-maven-3.6.3/localRepository/com/alibaba/nacos/nacos-client/1.4.1/nacos-client-1.4.1.jar:/Users/motohalo/Documents/work/apache-maven-3.6.3/localRepository/com/alibaba/nacos/nacos-common/1.4.1/nacos-common-1.4.1.jar:/Users/motohalo/Documents/work/apache-maven-3.6.3/localRepository/commons-io/commons-io/2.2/commons-io-2.2.jar:/Users/motohalo/Documents/work/apache-maven-3.6.3/localRepository/org/apache/httpcomponents/httpasyncclient/4.1.4/httpasyncclient-4.1.4.jar:/Users/motohalo/Documents/work/apache-maven-3.6.3/localRepository/org/apache/httpcomponents/httpcore-nio/4.4.14/httpcore-nio-4.4.14.jar:/Users/motohalo/Documents/work/apache-maven-3.6.3/localRepository/org/apache/httpcomponents/httpclient/4.5.13/httpclient-4.5.13.jar:/Users/motohalo/Documents/work/apache-maven-3.6.3/localRepository/com/alibaba/nacos/nacos-api/1.4.1/nacos-api-1.4.1.jar:/Users/motohalo/Documents/work/apache-maven-3.6.3/localRepository/com/google/guava/guava/24.1.1-jre/guava-24.1.1-jre.jar:/Users/motohalo/Documents/work/apache-maven-3.6.3/localRepository/com/google/code/findbugs/jsr305/1.3.9/jsr305-1.3.9.jar:/Users/motohalo/Documents/work/apache-maven-3.6.3/localRepository/org/checkerframework/checker-compat-qual/2.0.0/checker-compat-qual-2.0.0.jar:/Users/motohalo/Documents/work/apache-maven-3.6.3/localRepository/com/google/errorprone/error_prone_annotations/2.1.3/error_prone_annotations-2.1.3.jar:/Users/motohalo/Documents/work/apache-maven-3.6.3/localRepository/com/google/j2objc/j2objc-annotations/1.1/j2objc-annotations-1.1.jar:/Users/motohalo/Documents/work/apache-maven-3.6.3/localRepository/org/codehaus/mojo/animal-sniffer-annotations/1.14/animal-sniffer-annotations-1.14.jar:/Users/motohalo/Documents/work/apache-maven-3.6.3/localRepository/commons-codec/commons-codec/1.15/commons-codec-1.15.jar:/Users/motohalo/Documents/work/apache-maven-3.6.3/localRepository/com/fasterxml/jackson/core/jackson-core/2.11.4/jackson-core-2.11.4.jar:/Users/motohalo/Documents/work/apache-maven-3.6.3/localRepository/io/prometheus/simpleclient/0.5.0/simpleclient-0.5.0.jar:/Users/motohalo/Documents/work/apache-maven-3.6.3/localRepository/com/alibaba/spring/spring-context-support/1.0.10/spring-context-support-1.0.10.jar:/Users/motohalo/Documents/work/apache-maven-3.6.3/localRepository/org/springframework/cloud/spring-cloud-context/3.0.1/spring-cloud-context-3.0.1.jar:/Users/motohalo/Documents/work/apache-maven-3.6.3/localRepository/com/alibaba/cloud/spring-cloud-starter-alibaba-nacos-config/2021.1/spring-cloud-starter-alibaba-nacos-config-2021.1.jar:/Users/motohalo/Documents/work/apache-maven-3.6.3/localRepository/org/springframework/cloud/spring-cloud-starter-bootstrap/3.0.1/spring-cloud-starter-bootstrap-3.0.1.jar:/Users/motohalo/Documents/work/apache-maven-3.6.3/localRepository/org/springframework/boot/spring-boot-starter-validation/2.4.12/spring-boot-starter-validation-2.4.12.jar:/Users/motohalo/Documents/work/apache-maven-3.6.3/localRepository/org/glassfish/jakarta.el/3.0.4/jakarta.el-3.0.4.jar:/Users/motohalo/Documents/work/apache-maven-3.6.3/localRepository/org/hibernate/validator/hibernate-validator/6.1.7.Final/hibernate-validator-6.1.7.Final.jar:/Users/motohalo/Documents/work/apache-maven-3.6.3/localRepository/jakarta/validation/jakarta.validation-api/2.0.2/jakarta.validation-api-2.0.2.jar:/Users/motohalo/Documents/work/apache-maven-3.6.3/localRepository/org/jboss/logging/jboss-logging/3.4.2.Final/jboss-logging-3.4.2.Final.jar:/Users/motohalo/Documents/work/apache-maven-3.6.3/localRepository/com/fasterxml/classmate/1.5.1/classmate-1.5.1.jar:/Users/motohalo/Documents/work/apache-maven-3.6.3/localRepository/org/springframework/boot/spring-boot-starter-actuator/2.4.12/spring-boot-starter-actuator-2.4.12.jar:/Users/motohalo/Documents/work/apache-maven-3.6.3/localRepository/org/springframework/boot/spring-boot-actuator-autoconfigure/2.4.12/spring-boot-actuator-autoconfigure-2.4.12.jar:/Users/motohalo/Documents/work/apache-maven-3.6.3/localRepository/org/springframework/boot/spring-boot-actuator/2.4.12/spring-boot-actuator-2.4.12.jar:/Users/motohalo/Documents/work/apache-maven-3.6.3/localRepository/io/micrometer/micrometer-core/1.6.12/micrometer-core-1.6.12.jar:/Users/motohalo/Documents/work/apache-maven-3.6.3/localRepository/org/hdrhistogram/HdrHistogram/2.1.12/HdrHistogram-2.1.12.jar:/Users/motohalo/Documents/work/apache-maven-3.6.3/localRepository/org/latencyutils/LatencyUtils/2.0.3/LatencyUtils-2.0.3.jar:/Users/motohalo/Documents/work/apache-maven-3.6.3/localRepository/com/alibaba/fastjson/1.2.78/fastjson-1.2.78.jar:/Users/motohalo/Documents/work/apache-maven-3.6.3/localRepository/org/springframework/boot/spring-boot-starter-web/2.4.12/spring-boot-starter-web-2.4.12.jar:/Users/motohalo/Documents/work/apache-maven-3.6.3/localRepository/org/springframework/boot/spring-boot-starter/2.4.12/spring-boot-starter-2.4.12.jar:/Users/motohalo/Documents/work/apache-maven-3.6.3/localRepository/org/springframework/boot/spring-boot/2.4.12/spring-boot-2.4.12.jar:/Users/motohalo/Documents/work/apache-maven-3.6.3/localRepository/org/springframework/boot/spring-boot-starter-logging/2.4.12/spring-boot-starter-logging-2.4.12.jar:/Users/motohalo/Documents/work/apache-maven-3.6.3/localRepository/ch/qos/logback/logback-classic/1.2.6/logback-classic-1.2.6.jar:/Users/motohalo/Documents/work/apache-maven-3.6.3/localRepository/ch/qos/logback/logback-core/1.2.6/logback-core-1.2.6.jar:/Users/motohalo/Documents/work/apache-maven-3.6.3/localRepository/org/apache/logging/log4j/log4j-to-slf4j/2.13.3/log4j-to-slf4j-2.13.3.jar:/Users/motohalo/Documents/work/apache-maven-3.6.3/localRepository/org/apache/logging/log4j/log4j-api/2.13.3/log4j-api-2.13.3.jar:/Users/motohalo/Documents/work/apache-maven-3.6.3/localRepository/org/slf4j/jul-to-slf4j/1.7.32/jul-to-slf4j-1.7.32.jar:/Users/motohalo/Documents/work/apache-maven-3.6.3/localRepository/jakarta/annotation/jakarta.annotation-api/1.3.5/jakarta.annotation-api-1.3.5.jar:/Users/motohalo/Documents/work/apache-maven-3.6.3/localRepository/org/yaml/snakeyaml/1.27/snakeyaml-1.27.jar:/Users/motohalo/Documents/work/apache-maven-3.6.3/localRepository/org/springframework/boot/spring-boot-starter-json/2.4.12/spring-boot-starter-json-2.4.12.jar:/Users/motohalo/Documents/work/apache-maven-3.6.3/localRepository/com/fasterxml/jackson/core/jackson-databind/2.11.4/jackson-databind-2.11.4.jar:/Users/motohalo/Documents/work/apache-maven-3.6.3/localRepository/com/fasterxml/jackson/core/jackson-annotations/2.11.4/jackson-annotations-2.11.4.jar:/Users/motohalo/Documents/work/apache-maven-3.6.3/localRepository/com/fasterxml/jackson/datatype/jackson-datatype-jdk8/2.11.4/jackson-datatype-jdk8-2.11.4.jar:/Users/motohalo/Documents/work/apache-maven-3.6.3/localRepository/com/fasterxml/jackson/datatype/jackson-datatype-jsr310/2.11.4/jackson-datatype-jsr310-2.11.4.jar:/Users/motohalo/Documents/work/apache-maven-3.6.3/localRepository/com/fasterxml/jackson/module/jackson-module-parameter-names/2.11.4/jackson-module-parameter-names-2.11.4.jar:/Users/motohalo/Documents/work/apache-maven-3.6.3/localRepository/org/springframework/boot/spring-boot-starter-tomcat/2.4.12/spring-boot-starter-tomcat-2.4.12.jar:/Users/motohalo/Documents/work/apache-maven-3.6.3/localRepository/org/apache/tomcat/embed/tomcat-embed-core/9.0.54/tomcat-embed-core-9.0.54.jar:/Users/motohalo/Documents/work/apache-maven-3.6.3/localRepository/org/apache/tomcat/embed/tomcat-embed-websocket/9.0.54/tomcat-embed-websocket-9.0.54.jar:/Users/motohalo/Documents/work/apache-maven-3.6.3/localRepository/org/springframework/spring-web/5.3.12/spring-web-5.3.12.jar:/Users/motohalo/Documents/work/apache-maven-3.6.3/localRepository/org/springframework/spring-beans/5.3.12/spring-beans-5.3.12.jar:/Users/motohalo/Documents/work/apache-maven-3.6.3/localRepository/org/springframework/spring-webmvc/5.3.12/spring-webmvc-5.3.12.jar:/Users/motohalo/Documents/work/apache-maven-3.6.3/localRepository/org/springframework/spring-aop/5.3.12/spring-aop-5.3.12.jar:/Users/motohalo/Documents/work/apache-maven-3.6.3/localRepository/org/springframework/spring-context/5.3.12/spring-context-5.3.12.jar:/Users/motohalo/Documents/work/apache-maven-3.6.3/localRepository/org/springframework/spring-expression/5.3.12/spring-expression-5.3.12.jar:/Users/motohalo/Documents/work/apache-maven-3.6.3/localRepository/org/springframework/cloud/spring-cloud-starter-openfeign/3.0.1/spring-cloud-starter-openfeign-3.0.1.jar:/Users/motohalo/Documents/work/apache-maven-3.6.3/localRepository/org/springframework/cloud/spring-cloud-starter/3.0.1/spring-cloud-starter-3.0.1.jar:/Users/motohalo/Documents/work/apache-maven-3.6.3/localRepository/org/springframework/security/spring-security-rsa/1.0.9.RELEASE/spring-security-rsa-1.0.9.RELEASE.jar:/Users/motohalo/Documents/work/apache-maven-3.6.3/localRepository/org/bouncycastle/bcpkix-jdk15on/1.64/bcpkix-jdk15on-1.64.jar:/Users/motohalo/Documents/work/apache-maven-3.6.3/localRepository/org/bouncycastle/bcprov-jdk15on/1.64/bcprov-jdk15on-1.64.jar:/Users/motohalo/Documents/work/apache-maven-3.6.3/localRepository/org/springframework/cloud/spring-cloud-openfeign-core/3.0.1/spring-cloud-openfeign-core-3.0.1.jar:/Users/motohalo/Documents/work/apache-maven-3.6.3/localRepository/org/springframework/boot/spring-boot-starter-aop/2.4.12/spring-boot-starter-aop-2.4.12.jar:/Users/motohalo/Documents/work/apache-maven-3.6.3/localRepository/org/aspectj/aspectjweaver/1.9.7/aspectjweaver-1.9.7.jar:/Users/motohalo/Documents/work/apache-maven-3.6.3/localRepository/io/github/openfeign/form/feign-form-spring/3.8.0/feign-form-spring-3.8.0.jar:/Users/motohalo/Documents/work/apache-maven-3.6.3/localRepository/io/github/openfeign/form/feign-form/3.8.0/feign-form-3.8.0.jar:/Users/motohalo/Documents/work/apache-maven-3.6.3/localRepository/commons-fileupload/commons-fileupload/1.4/commons-fileupload-1.4.jar:/Users/motohalo/Documents/work/apache-maven-3.6.3/localRepository/org/springframework/cloud/spring-cloud-commons/3.0.1/spring-cloud-commons-3.0.1.jar:/Users/motohalo/Documents/work/apache-maven-3.6.3/localRepository/org/springframework/security/spring-security-crypto/5.4.9/spring-security-crypto-5.4.9.jar:/Users/motohalo/Documents/work/apache-maven-3.6.3/localRepository/io/github/openfeign/feign-core/10.10.1/feign-core-10.10.1.jar:/Users/motohalo/Documents/work/apache-maven-3.6.3/localRepository/io/github/openfeign/feign-slf4j/10.10.1/feign-slf4j-10.10.1.jar:/Users/motohalo/Documents/work/apache-maven-3.6.3/localRepository/org/slf4j/slf4j-api/1.7.32/slf4j-api-1.7.32.jar:/Users/motohalo/Documents/work/apache-maven-3.6.3/localRepository/org/springframework/boot/spring-boot-starter-test/2.4.12/spring-boot-starter-test-2.4.12.jar:/Users/motohalo/Documents/work/apache-maven-3.6.3/localRepository/org/springframework/boot/spring-boot-test/2.4.12/spring-boot-test-2.4.12.jar:/Users/motohalo/Documents/work/apache-maven-3.6.3/localRepository/org/springframework/boot/spring-boot-test-autoconfigure/2.4.12/spring-boot-test-autoconfigure-2.4.12.jar:/Users/motohalo/Documents/work/apache-maven-3.6.3/localRepository/com/jayway/jsonpath/json-path/2.4.0/json-path-2.4.0.jar:/Users/motohalo/Documents/work/apache-maven-3.6.3/localRepository/net/minidev/json-smart/2.3.1/json-smart-2.3.1.jar:/Users/motohalo/Documents/work/apache-maven-3.6.3/localRepository/net/minidev/accessors-smart/2.3.1/accessors-smart-2.3.1.jar:/Users/motohalo/Documents/work/apache-maven-3.6.3/localRepository/org/ow2/asm/asm/5.0.4/asm-5.0.4.jar:/Users/motohalo/Documents/work/apache-maven-3.6.3/localRepository/jakarta/xml/bind/jakarta.xml.bind-api/2.3.3/jakarta.xml.bind-api-2.3.3.jar:/Users/motohalo/Documents/work/apache-maven-3.6.3/localRepository/jakarta/activation/jakarta.activation-api/1.2.2/jakarta.activation-api-1.2.2.jar:/Users/motohalo/Documents/work/apache-maven-3.6.3/localRepository/org/assertj/assertj-core/3.18.1/assertj-core-3.18.1.jar:/Users/motohalo/Documents/work/apache-maven-3.6.3/localRepository/org/hamcrest/hamcrest/2.2/hamcrest-2.2.jar:/Users/motohalo/Documents/work/apache-maven-3.6.3/localRepository/org/junit/jupiter/junit-jupiter/5.7.2/junit-jupiter-5.7.2.jar:/Users/motohalo/Documents/work/apache-maven-3.6.3/localRepository/org/junit/jupiter/junit-jupiter-api/5.7.2/junit-jupiter-api-5.7.2.jar:/Users/motohalo/Documents/work/apache-maven-3.6.3/localRepository/org/apiguardian/apiguardian-api/1.1.0/apiguardian-api-1.1.0.jar:/Users/motohalo/Documents/work/apache-maven-3.6.3/localRepository/org/opentest4j/opentest4j/1.2.0/opentest4j-1.2.0.jar:/Users/motohalo/Documents/work/apache-maven-3.6.3/localRepository/org/junit/platform/junit-platform-commons/1.7.2/junit-platform-commons-1.7.2.jar:/Users/motohalo/Documents/work/apache-maven-3.6.3/localRepository/org/junit/jupiter/junit-jupiter-params/5.7.2/junit-jupiter-params-5.7.2.jar:/Users/motohalo/Documents/work/apache-maven-3.6.3/localRepository/org/junit/jupiter/junit-jupiter-engine/5.7.2/junit-jupiter-engine-5.7.2.jar:/Users/motohalo/Documents/work/apache-maven-3.6.3/localRepository/org/junit/platform/junit-platform-engine/1.7.2/junit-platform-engine-1.7.2.jar:/Users/motohalo/Documents/work/apache-maven-3.6.3/localRepository/org/mockito/mockito-core/3.6.28/mockito-core-3.6.28.jar:/Users/motohalo/Documents/work/apache-maven-3.6.3/localRepository/net/bytebuddy/byte-buddy/1.10.22/byte-buddy-1.10.22.jar:/Users/motohalo/Documents/work/apache-maven-3.6.3/localRepository/net/bytebuddy/byte-buddy-agent/1.10.22/byte-buddy-agent-1.10.22.jar:/Users/motohalo/Documents/work/apache-maven-3.6.3/localRepository/org/objenesis/objenesis/3.1/objenesis-3.1.jar:/Users/motohalo/Documents/work/apache-maven-3.6.3/localRepository/org/mockito/mockito-junit-jupiter/3.6.28/mockito-junit-jupiter-3.6.28.jar:/Users/motohalo/Documents/work/apache-maven-3.6.3/localRepository/org/skyscreamer/jsonassert/1.5.0/jsonassert-1.5.0.jar:/Users/motohalo/Documents/work/apache-maven-3.6.3/localRepository/com/vaadin/external/google/android-json/0.0.20131108.vaadin1/android-json-0.0.20131108.vaadin1.jar:/Users/motohalo/Documents/work/apache-maven-3.6.3/localRepository/org/springframework/spring-core/5.3.12/spring-core-5.3.12.jar:/Users/motohalo/Documents/work/apache-maven-3.6.3/localRepository/org/springframework/spring-jcl/5.3.12/spring-jcl-5.3.12.jar:/Users/motohalo/Documents/work/apache-maven-3.6.3/localRepository/org/springframework/spring-test/5.3.12/spring-test-5.3.12.jar:/Users/motohalo/Documents/work/apache-maven-3.6.3/localRepository/org/xmlunit/xmlunit-core/2.7.0/xmlunit-core-2.7.0.jar:/Users/motohalo/Documents/work/apache-maven-3.6.3/localRepository/org/springframework/cloud/spring-cloud-starter-loadbalancer/3.0.1/spring-cloud-starter-loadbalancer-3.0.1.jar:/Users/motohalo/Documents/work/apache-maven-3.6.3/localRepository/org/springframework/cloud/spring-cloud-loadbalancer/3.0.1/spring-cloud-loadbalancer-3.0.1.jar:/Users/motohalo/Documents/work/apache-maven-3.6.3/localRepository/io/projectreactor/reactor-core/3.4.11/reactor-core-3.4.11.jar:/Users/motohalo/Documents/work/apache-maven-3.6.3/localRepository/org/reactivestreams/reactive-streams/1.0.3/reactive-streams-1.0.3.jar:/Users/motohalo/Documents/work/apache-maven-3.6.3/localRepository/io/projectreactor/addons/reactor-extra/3.4.5/reactor-extra-3.4.5.jar:/Users/motohalo/Documents/work/apache-maven-3.6.3/localRepository/org/springframework/boot/spring-boot-starter-cache/2.4.12/spring-boot-starter-cache-2.4.12.jar:/Users/motohalo/Documents/work/apache-maven-3.6.3/localRepository/org/springframework/spring-context-support/5.3.12/spring-context-support-5.3.12.jar:/Users/motohalo/Documents/work/apache-maven-3.6.3/localRepository/com/stoyanr/evictor/1.0.0/evictor-1.0.0.jar:"/>
    <property name="java.vm.vendor" value="Oracle Corporation"/>
    <property name="sun.arch.data.model" value="64"/>
    <property name="java.vendor.url" value="http://java.oracle.com/"/>
    <property name="user.timezone" value=""/>
    <property name="java.vm.specification.version" value="1.8"/>
    <property name="os.name" value="Mac OS X"/>
    <property name="user.country" value="CN"/>
    <property name="sun.java.launcher" value="SUN_STANDARD"/>
    <property name="sun.boot.library.path" value="/Library/Java/JavaVirtualMachines/jdk1.8.0_311.jdk/Contents/Home/jre/lib"/>
    <property name="sun.java.command" value="/Users/motohalo/Documents/study/spackfiress/mall-ware/target/surefire/surefirebooter7797906212080496793.jar /Users/motohalo/Documents/study/spackfiress/mall-ware/target/surefire 2022-04-27T14-31-51_519-jvmRun1 surefire7827676196747605073tmp surefire_06442258874204709852tmp"/>
    <property name="surefire.test.class.path" value="/Users/motohalo/Documents/study/spackfiress/mall-ware/target/test-classes:/Users/motohalo/Documents/study/spackfiress/mall-ware/target/classes:/Users/motohalo/Documents/study/spackfiress/mall-commons/target/mall-commons-0.0.1-SNAPSHOT.jar:/Users/motohalo/Documents/work/apache-maven-3.6.3/localRepository/com/baomidou/mybatis-plus-boot-starter/3.3.1/mybatis-plus-boot-starter-3.3.1.jar:/Users/motohalo/Documents/work/apache-maven-3.6.3/localRepository/com/baomidou/mybatis-plus/3.3.1/mybatis-plus-3.3.1.jar:/Users/motohalo/Documents/work/apache-maven-3.6.3/localRepository/com/baomidou/mybatis-plus-extension/3.3.1/mybatis-plus-extension-3.3.1.jar:/Users/motohalo/Documents/work/apache-maven-3.6.3/localRepository/com/baomidou/mybatis-plus-core/3.3.1/mybatis-plus-core-3.3.1.jar:/Users/motohalo/Documents/work/apache-maven-3.6.3/localRepository/com/baomidou/mybatis-plus-annotation/3.3.1/mybatis-plus-annotation-3.3.1.jar:/Users/motohalo/Documents/work/apache-maven-3.6.3/localRepository/com/github/jsqlparser/jsqlparser/3.1/jsqlparser-3.1.jar:/Users/motohalo/Documents/work/apache-maven-3.6.3/localRepository/org/mybatis/mybatis/3.5.3/mybatis-3.5.3.jar:/Users/motohalo/Documents/work/apache-maven-3.6.3/localRepository/org/mybatis/mybatis-spring/2.0.3/mybatis-spring-2.0.3.jar:/Users/motohalo/Documents/work/apache-maven-3.6.3/localRepository/org/springframework/boot/spring-boot-autoconfigure/2.4.12/spring-boot-autoconfigure-2.4.12.jar:/Users/motohalo/Documents/work/apache-maven-3.6.3/localRepository/org/springframework/boot/spring-boot-starter-jdbc/2.4.12/spring-boot-starter-jdbc-2.4.12.jar:/Users/motohalo/Documents/work/apache-maven-3.6.3/localRepository/com/zaxxer/HikariCP/3.4.5/HikariCP-3.4.5.jar:/Users/motohalo/Documents/work/apache-maven-3.6.3/localRepository/org/springframework/spring-jdbc/5.3.12/spring-jdbc-5.3.12.jar:/Users/motohalo/Documents/work/apache-maven-3.6.3/localRepository/org/springframework/spring-tx/5.3.12/spring-tx-5.3.12.jar:/Users/motohalo/Documents/work/apache-maven-3.6.3/localRepository/mysql/mysql-connector-java/8.0.27/mysql-connector-java-8.0.27.jar:/Users/motohalo/Documents/work/apache-maven-3.6.3/localRepository/org/projectlombok/lombok/1.18.22/lombok-1.18.22.jar:/Users/motohalo/Documents/work/apache-maven-3.6.3/localRepository/commons-lang/commons-lang/2.6/commons-lang-2.6.jar:/Users/motohalo/Documents/work/apache-maven-3.6.3/localRepository/org/apache/httpcomponents/httpcore/4.4.14/httpcore-4.4.14.jar:/Users/motohalo/Documents/work/apache-maven-3.6.3/localRepository/com/alibaba/cloud/spring-cloud-starter-alibaba-nacos-discovery/2021.1/spring-cloud-starter-alibaba-nacos-discovery-2021.1.jar:/Users/motohalo/Documents/work/apache-maven-3.6.3/localRepository/com/alibaba/cloud/spring-cloud-alibaba-commons/2021.1/spring-cloud-alibaba-commons-2021.1.jar:/Users/motohalo/Documents/work/apache-maven-3.6.3/localRepository/com/alibaba/nacos/nacos-client/1.4.1/nacos-client-1.4.1.jar:/Users/motohalo/Documents/work/apache-maven-3.6.3/localRepository/com/alibaba/nacos/nacos-common/1.4.1/nacos-common-1.4.1.jar:/Users/motohalo/Documents/work/apache-maven-3.6.3/localRepository/commons-io/commons-io/2.2/commons-io-2.2.jar:/Users/motohalo/Documents/work/apache-maven-3.6.3/localRepository/org/apache/httpcomponents/httpasyncclient/4.1.4/httpasyncclient-4.1.4.jar:/Users/motohalo/Documents/work/apache-maven-3.6.3/localRepository/org/apache/httpcomponents/httpcore-nio/4.4.14/httpcore-nio-4.4.14.jar:/Users/motohalo/Documents/work/apache-maven-3.6.3/localRepository/org/apache/httpcomponents/httpclient/4.5.13/httpclient-4.5.13.jar:/Users/motohalo/Documents/work/apache-maven-3.6.3/localRepository/com/alibaba/nacos/nacos-api/1.4.1/nacos-api-1.4.1.jar:/Users/motohalo/Documents/work/apache-maven-3.6.3/localRepository/com/google/guava/guava/24.1.1-jre/guava-24.1.1-jre.jar:/Users/motohalo/Documents/work/apache-maven-3.6.3/localRepository/com/google/code/findbugs/jsr305/1.3.9/jsr305-1.3.9.jar:/Users/motohalo/Documents/work/apache-maven-3.6.3/localRepository/org/checkerframework/checker-compat-qual/2.0.0/checker-compat-qual-2.0.0.jar:/Users/motohalo/Documents/work/apache-maven-3.6.3/localRepository/com/google/errorprone/error_prone_annotations/2.1.3/error_prone_annotations-2.1.3.jar:/Users/motohalo/Documents/work/apache-maven-3.6.3/localRepository/com/google/j2objc/j2objc-annotations/1.1/j2objc-annotations-1.1.jar:/Users/motohalo/Documents/work/apache-maven-3.6.3/localRepository/org/codehaus/mojo/animal-sniffer-annotations/1.14/animal-sniffer-annotations-1.14.jar:/Users/motohalo/Documents/work/apache-maven-3.6.3/localRepository/commons-codec/commons-codec/1.15/commons-codec-1.15.jar:/Users/motohalo/Documents/work/apache-maven-3.6.3/localRepository/com/fasterxml/jackson/core/jackson-core/2.11.4/jackson-core-2.11.4.jar:/Users/motohalo/Documents/work/apache-maven-3.6.3/localRepository/io/prometheus/simpleclient/0.5.0/simpleclient-0.5.0.jar:/Users/motohalo/Documents/work/apache-maven-3.6.3/localRepository/com/alibaba/spring/spring-context-support/1.0.10/spring-context-support-1.0.10.jar:/Users/motohalo/Documents/work/apache-maven-3.6.3/localRepository/org/springframework/cloud/spring-cloud-context/3.0.1/spring-cloud-context-3.0.1.jar:/Users/motohalo/Documents/work/apache-maven-3.6.3/localRepository/com/alibaba/cloud/spring-cloud-starter-alibaba-nacos-config/2021.1/spring-cloud-starter-alibaba-nacos-config-2021.1.jar:/Users/motohalo/Documents/work/apache-maven-3.6.3/localRepository/org/springframework/cloud/spring-cloud-starter-bootstrap/3.0.1/spring-cloud-starter-bootstrap-3.0.1.jar:/Users/motohalo/Documents/work/apache-maven-3.6.3/localRepository/org/springframework/boot/spring-boot-starter-validation/2.4.12/spring-boot-starter-validation-2.4.12.jar:/Users/motohalo/Documents/work/apache-maven-3.6.3/localRepository/org/glassfish/jakarta.el/3.0.4/jakarta.el-3.0.4.jar:/Users/motohalo/Documents/work/apache-maven-3.6.3/localRepository/org/hibernate/validator/hibernate-validator/6.1.7.Final/hibernate-validator-6.1.7.Final.jar:/Users/motohalo/Documents/work/apache-maven-3.6.3/localRepository/jakarta/validation/jakarta.validation-api/2.0.2/jakarta.validation-api-2.0.2.jar:/Users/motohalo/Documents/work/apache-maven-3.6.3/localRepository/org/jboss/logging/jboss-logging/3.4.2.Final/jboss-logging-3.4.2.Final.jar:/Users/motohalo/Documents/work/apache-maven-3.6.3/localRepository/com/fasterxml/classmate/1.5.1/classmate-1.5.1.jar:/Users/motohalo/Documents/work/apache-maven-3.6.3/localRepository/org/springframework/boot/spring-boot-starter-actuator/2.4.12/spring-boot-starter-actuator-2.4.12.jar:/Users/motohalo/Documents/work/apache-maven-3.6.3/localRepository/org/springframework/boot/spring-boot-actuator-autoconfigure/2.4.12/spring-boot-actuator-autoconfigure-2.4.12.jar:/Users/motohalo/Documents/work/apache-maven-3.6.3/localRepository/org/springframework/boot/spring-boot-actuator/2.4.12/spring-boot-actuator-2.4.12.jar:/Users/motohalo/Documents/work/apache-maven-3.6.3/localRepository/io/micrometer/micrometer-core/1.6.12/micrometer-core-1.6.12.jar:/Users/motohalo/Documents/work/apache-maven-3.6.3/localRepository/org/hdrhistogram/HdrHistogram/2.1.12/HdrHistogram-2.1.12.jar:/Users/motohalo/Documents/work/apache-maven-3.6.3/localRepository/org/latencyutils/LatencyUtils/2.0.3/LatencyUtils-2.0.3.jar:/Users/motohalo/Documents/work/apache-maven-3.6.3/localRepository/com/alibaba/fastjson/1.2.78/fastjson-1.2.78.jar:/Users/motohalo/Documents/work/apache-maven-3.6.3/localRepository/org/springframework/boot/spring-boot-starter-web/2.4.12/spring-boot-starter-web-2.4.12.jar:/Users/motohalo/Documents/work/apache-maven-3.6.3/localRepository/org/springframework/boot/spring-boot-starter/2.4.12/spring-boot-starter-2.4.12.jar:/Users/motohalo/Documents/work/apache-maven-3.6.3/localRepository/org/springframework/boot/spring-boot/2.4.12/spring-boot-2.4.12.jar:/Users/motohalo/Documents/work/apache-maven-3.6.3/localRepository/org/springframework/boot/spring-boot-starter-logging/2.4.12/spring-boot-starter-logging-2.4.12.jar:/Users/motohalo/Documents/work/apache-maven-3.6.3/localRepository/ch/qos/logback/logback-classic/1.2.6/logback-classic-1.2.6.jar:/Users/motohalo/Documents/work/apache-maven-3.6.3/localRepository/ch/qos/logback/logback-core/1.2.6/logback-core-1.2.6.jar:/Users/motohalo/Documents/work/apache-maven-3.6.3/localRepository/org/apache/logging/log4j/log4j-to-slf4j/2.13.3/log4j-to-slf4j-2.13.3.jar:/Users/motohalo/Documents/work/apache-maven-3.6.3/localRepository/org/apache/logging/log4j/log4j-api/2.13.3/log4j-api-2.13.3.jar:/Users/motohalo/Documents/work/apache-maven-3.6.3/localRepository/org/slf4j/jul-to-slf4j/1.7.32/jul-to-slf4j-1.7.32.jar:/Users/motohalo/Documents/work/apache-maven-3.6.3/localRepository/jakarta/annotation/jakarta.annotation-api/1.3.5/jakarta.annotation-api-1.3.5.jar:/Users/motohalo/Documents/work/apache-maven-3.6.3/localRepository/org/yaml/snakeyaml/1.27/snakeyaml-1.27.jar:/Users/motohalo/Documents/work/apache-maven-3.6.3/localRepository/org/springframework/boot/spring-boot-starter-json/2.4.12/spring-boot-starter-json-2.4.12.jar:/Users/motohalo/Documents/work/apache-maven-3.6.3/localRepository/com/fasterxml/jackson/core/jackson-databind/2.11.4/jackson-databind-2.11.4.jar:/Users/motohalo/Documents/work/apache-maven-3.6.3/localRepository/com/fasterxml/jackson/core/jackson-annotations/2.11.4/jackson-annotations-2.11.4.jar:/Users/motohalo/Documents/work/apache-maven-3.6.3/localRepository/com/fasterxml/jackson/datatype/jackson-datatype-jdk8/2.11.4/jackson-datatype-jdk8-2.11.4.jar:/Users/motohalo/Documents/work/apache-maven-3.6.3/localRepository/com/fasterxml/jackson/datatype/jackson-datatype-jsr310/2.11.4/jackson-datatype-jsr310-2.11.4.jar:/Users/motohalo/Documents/work/apache-maven-3.6.3/localRepository/com/fasterxml/jackson/module/jackson-module-parameter-names/2.11.4/jackson-module-parameter-names-2.11.4.jar:/Users/motohalo/Documents/work/apache-maven-3.6.3/localRepository/org/springframework/boot/spring-boot-starter-tomcat/2.4.12/spring-boot-starter-tomcat-2.4.12.jar:/Users/motohalo/Documents/work/apache-maven-3.6.3/localRepository/org/apache/tomcat/embed/tomcat-embed-core/9.0.54/tomcat-embed-core-9.0.54.jar:/Users/motohalo/Documents/work/apache-maven-3.6.3/localRepository/org/apache/tomcat/embed/tomcat-embed-websocket/9.0.54/tomcat-embed-websocket-9.0.54.jar:/Users/motohalo/Documents/work/apache-maven-3.6.3/localRepository/org/springframework/spring-web/5.3.12/spring-web-5.3.12.jar:/Users/motohalo/Documents/work/apache-maven-3.6.3/localRepository/org/springframework/spring-beans/5.3.12/spring-beans-5.3.12.jar:/Users/motohalo/Documents/work/apache-maven-3.6.3/localRepository/org/springframework/spring-webmvc/5.3.12/spring-webmvc-5.3.12.jar:/Users/motohalo/Documents/work/apache-maven-3.6.3/localRepository/org/springframework/spring-aop/5.3.12/spring-aop-5.3.12.jar:/Users/motohalo/Documents/work/apache-maven-3.6.3/localRepository/org/springframework/spring-context/5.3.12/spring-context-5.3.12.jar:/Users/motohalo/Documents/work/apache-maven-3.6.3/localRepository/org/springframework/spring-expression/5.3.12/spring-expression-5.3.12.jar:/Users/motohalo/Documents/work/apache-maven-3.6.3/localRepository/org/springframework/cloud/spring-cloud-starter-openfeign/3.0.1/spring-cloud-starter-openfeign-3.0.1.jar:/Users/motohalo/Documents/work/apache-maven-3.6.3/localRepository/org/springframework/cloud/spring-cloud-starter/3.0.1/spring-cloud-starter-3.0.1.jar:/Users/motohalo/Documents/work/apache-maven-3.6.3/localRepository/org/springframework/security/spring-security-rsa/1.0.9.RELEASE/spring-security-rsa-1.0.9.RELEASE.jar:/Users/motohalo/Documents/work/apache-maven-3.6.3/localRepository/org/bouncycastle/bcpkix-jdk15on/1.64/bcpkix-jdk15on-1.64.jar:/Users/motohalo/Documents/work/apache-maven-3.6.3/localRepository/org/bouncycastle/bcprov-jdk15on/1.64/bcprov-jdk15on-1.64.jar:/Users/motohalo/Documents/work/apache-maven-3.6.3/localRepository/org/springframework/cloud/spring-cloud-openfeign-core/3.0.1/spring-cloud-openfeign-core-3.0.1.jar:/Users/motohalo/Documents/work/apache-maven-3.6.3/localRepository/org/springframework/boot/spring-boot-starter-aop/2.4.12/spring-boot-starter-aop-2.4.12.jar:/Users/motohalo/Documents/work/apache-maven-3.6.3/localRepository/org/aspectj/aspectjweaver/1.9.7/aspectjweaver-1.9.7.jar:/Users/motohalo/Documents/work/apache-maven-3.6.3/localRepository/io/github/openfeign/form/feign-form-spring/3.8.0/feign-form-spring-3.8.0.jar:/Users/motohalo/Documents/work/apache-maven-3.6.3/localRepository/io/github/openfeign/form/feign-form/3.8.0/feign-form-3.8.0.jar:/Users/motohalo/Documents/work/apache-maven-3.6.3/localRepository/commons-fileupload/commons-fileupload/1.4/commons-fileupload-1.4.jar:/Users/motohalo/Documents/work/apache-maven-3.6.3/localRepository/org/springframework/cloud/spring-cloud-commons/3.0.1/spring-cloud-commons-3.0.1.jar:/Users/motohalo/Documents/work/apache-maven-3.6.3/localRepository/org/springframework/security/spring-security-crypto/5.4.9/spring-security-crypto-5.4.9.jar:/Users/motohalo/Documents/work/apache-maven-3.6.3/localRepository/io/github/openfeign/feign-core/10.10.1/feign-core-10.10.1.jar:/Users/motohalo/Documents/work/apache-maven-3.6.3/localRepository/io/github/openfeign/feign-slf4j/10.10.1/feign-slf4j-10.10.1.jar:/Users/motohalo/Documents/work/apache-maven-3.6.3/localRepository/org/slf4j/slf4j-api/1.7.32/slf4j-api-1.7.32.jar:/Users/motohalo/Documents/work/apache-maven-3.6.3/localRepository/org/springframework/boot/spring-boot-starter-test/2.4.12/spring-boot-starter-test-2.4.12.jar:/Users/motohalo/Documents/work/apache-maven-3.6.3/localRepository/org/springframework/boot/spring-boot-test/2.4.12/spring-boot-test-2.4.12.jar:/Users/motohalo/Documents/work/apache-maven-3.6.3/localRepository/org/springframework/boot/spring-boot-test-autoconfigure/2.4.12/spring-boot-test-autoconfigure-2.4.12.jar:/Users/motohalo/Documents/work/apache-maven-3.6.3/localRepository/com/jayway/jsonpath/json-path/2.4.0/json-path-2.4.0.jar:/Users/motohalo/Documents/work/apache-maven-3.6.3/localRepository/net/minidev/json-smart/2.3.1/json-smart-2.3.1.jar:/Users/motohalo/Documents/work/apache-maven-3.6.3/localRepository/net/minidev/accessors-smart/2.3.1/accessors-smart-2.3.1.jar:/Users/motohalo/Documents/work/apache-maven-3.6.3/localRepository/org/ow2/asm/asm/5.0.4/asm-5.0.4.jar:/Users/motohalo/Documents/work/apache-maven-3.6.3/localRepository/jakarta/xml/bind/jakarta.xml.bind-api/2.3.3/jakarta.xml.bind-api-2.3.3.jar:/Users/motohalo/Documents/work/apache-maven-3.6.3/localRepository/jakarta/activation/jakarta.activation-api/1.2.2/jakarta.activation-api-1.2.2.jar:/Users/motohalo/Documents/work/apache-maven-3.6.3/localRepository/org/assertj/assertj-core/3.18.1/assertj-core-3.18.1.jar:/Users/motohalo/Documents/work/apache-maven-3.6.3/localRepository/org/hamcrest/hamcrest/2.2/hamcrest-2.2.jar:/Users/motohalo/Documents/work/apache-maven-3.6.3/localRepository/org/junit/jupiter/junit-jupiter/5.7.2/junit-jupiter-5.7.2.jar:/Users/motohalo/Documents/work/apache-maven-3.6.3/localRepository/org/junit/jupiter/junit-jupiter-api/5.7.2/junit-jupiter-api-5.7.2.jar:/Users/motohalo/Documents/work/apache-maven-3.6.3/localRepository/org/apiguardian/apiguardian-api/1.1.0/apiguardian-api-1.1.0.jar:/Users/motohalo/Documents/work/apache-maven-3.6.3/localRepository/org/opentest4j/opentest4j/1.2.0/opentest4j-1.2.0.jar:/Users/motohalo/Documents/work/apache-maven-3.6.3/localRepository/org/junit/platform/junit-platform-commons/1.7.2/junit-platform-commons-1.7.2.jar:/Users/motohalo/Documents/work/apache-maven-3.6.3/localRepository/org/junit/jupiter/junit-jupiter-params/5.7.2/junit-jupiter-params-5.7.2.jar:/Users/motohalo/Documents/work/apache-maven-3.6.3/localRepository/org/junit/jupiter/junit-jupiter-engine/5.7.2/junit-jupiter-engine-5.7.2.jar:/Users/motohalo/Documents/work/apache-maven-3.6.3/localRepository/org/junit/platform/junit-platform-engine/1.7.2/junit-platform-engine-1.7.2.jar:/Users/motohalo/Documents/work/apache-maven-3.6.3/localRepository/org/mockito/mockito-core/3.6.28/mockito-core-3.6.28.jar:/Users/motohalo/Documents/work/apache-maven-3.6.3/localRepository/net/bytebuddy/byte-buddy/1.10.22/byte-buddy-1.10.22.jar:/Users/motohalo/Documents/work/apache-maven-3.6.3/localRepository/net/bytebuddy/byte-buddy-agent/1.10.22/byte-buddy-agent-1.10.22.jar:/Users/motohalo/Documents/work/apache-maven-3.6.3/localRepository/org/objenesis/objenesis/3.1/objenesis-3.1.jar:/Users/motohalo/Documents/work/apache-maven-3.6.3/localRepository/org/mockito/mockito-junit-jupiter/3.6.28/mockito-junit-jupiter-3.6.28.jar:/Users/motohalo/Documents/work/apache-maven-3.6.3/localRepository/org/skyscreamer/jsonassert/1.5.0/jsonassert-1.5.0.jar:/Users/motohalo/Documents/work/apache-maven-3.6.3/localRepository/com/vaadin/external/google/android-json/0.0.20131108.vaadin1/android-json-0.0.20131108.vaadin1.jar:/Users/motohalo/Documents/work/apache-maven-3.6.3/localRepository/org/springframework/spring-core/5.3.12/spring-core-5.3.12.jar:/Users/motohalo/Documents/work/apache-maven-3.6.3/localRepository/org/springframework/spring-jcl/5.3.12/spring-jcl-5.3.12.jar:/Users/motohalo/Documents/work/apache-maven-3.6.3/localRepository/org/springframework/spring-test/5.3.12/spring-test-5.3.12.jar:/Users/motohalo/Documents/work/apache-maven-3.6.3/localRepository/org/xmlunit/xmlunit-core/2.7.0/xmlunit-core-2.7.0.jar:/Users/motohalo/Documents/work/apache-maven-3.6.3/localRepository/org/springframework/cloud/spring-cloud-starter-loadbalancer/3.0.1/spring-cloud-starter-loadbalancer-3.0.1.jar:/Users/motohalo/Documents/work/apache-maven-3.6.3/localRepository/org/springframework/cloud/spring-cloud-loadbalancer/3.0.1/spring-cloud-loadbalancer-3.0.1.jar:/Users/motohalo/Documents/work/apache-maven-3.6.3/localRepository/io/projectreactor/reactor-core/3.4.11/reactor-core-3.4.11.jar:/Users/motohalo/Documents/work/apache-maven-3.6.3/localRepository/org/reactivestreams/reactive-streams/1.0.3/reactive-streams-1.0.3.jar:/Users/motohalo/Documents/work/apache-maven-3.6.3/localRepository/io/projectreactor/addons/reactor-extra/3.4.5/reactor-extra-3.4.5.jar:/Users/motohalo/Documents/work/apache-maven-3.6.3/localRepository/org/springframework/boot/spring-boot-starter-cache/2.4.12/spring-boot-starter-cache-2.4.12.jar:/Users/motohalo/Documents/work/apache-maven-3.6.3/localRepository/org/springframework/spring-context-support/5.3.12/spring-context-support-5.3.12.jar:/Users/motohalo/Documents/work/apache-maven-3.6.3/localRepository/com/stoyanr/evictor/1.0.0/evictor-1.0.0.jar:"/>
    <property name="sun.cpu.endian" value="little"/>
    <property name="user.home" value="/Users/motohalo"/>
    <property name="user.language" value="zh"/>
    <property name="java.specification.vendor" value="Oracle Corporation"/>
    <property name="java.home" value="/Library/Java/JavaVirtualMachines/jdk1.8.0_311.jdk/Contents/Home/jre"/>
    <property name="basedir" value="/Users/motohalo/Documents/study/spackfiress/mall-ware"/>
    <property name="file.separator" value="/"/>
    <property name="line.separator" value="&#10;"/>
    <property name="java.vm.specification.vendor" value="Oracle Corporation"/>
    <property name="java.specification.name" value="Java Platform API Specification"/>
    <property name="java.awt.graphicsenv" value="sun.awt.CGraphicsEnvironment"/>
    <property name="surefire.real.class.path" value="/Users/motohalo/Documents/study/spackfiress/mall-ware/target/surefire/surefirebooter7797906212080496793.jar"/>
    <property name="sun.boot.class.path" value="/Library/Java/JavaVirtualMachines/jdk1.8.0_311.jdk/Contents/Home/jre/lib/resources.jar:/Library/Java/JavaVirtualMachines/jdk1.8.0_311.jdk/Contents/Home/jre/lib/rt.jar:/Library/Java/JavaVirtualMachines/jdk1.8.0_311.jdk/Contents/Home/jre/lib/sunrsasign.jar:/Library/Java/JavaVirtualMachines/jdk1.8.0_311.jdk/Contents/Home/jre/lib/jsse.jar:/Library/Java/JavaVirtualMachines/jdk1.8.0_311.jdk/Contents/Home/jre/lib/jce.jar:/Library/Java/JavaVirtualMachines/jdk1.8.0_311.jdk/Contents/Home/jre/lib/charsets.jar:/Library/Java/JavaVirtualMachines/jdk1.8.0_311.jdk/Contents/Home/jre/lib/jfr.jar:/Library/Java/JavaVirtualMachines/jdk1.8.0_311.jdk/Contents/Home/jre/classes"/>
    <property name="sun.management.compiler" value="HotSpot 64-Bit Tiered Compilers"/>
    <property name="java.runtime.version" value="1.8.0_311-b11"/>
    <property name="user.name" value="motohalo"/>
    <property name="path.separator" value=":"/>
    <property name="os.version" value="10.16"/>
    <property name="java.endorsed.dirs" value="/Library/Java/JavaVirtualMachines/jdk1.8.0_311.jdk/Contents/Home/jre/lib/endorsed"/>
    <property name="java.runtime.name" value="Java(TM) SE Runtime Environment"/>
    <property name="file.encoding" value="UTF-8"/>
    <property name="java.vm.name" value="Java HotSpot(TM) 64-Bit Server VM"/>
    <property name="localRepository" value="/Users/motohalo/Documents/work/apache-maven-3.6.3/localRepository"/>
    <property name="java.vendor.url.bug" value="http://bugreport.sun.com/bugreport/"/>
    <property name="java.io.tmpdir" value="/var/folders/7y/ct88q6lj1v94spsr913wm7jh0000gn/T/"/>
    <property name="idea.version" value="2021.3"/>
    <property name="java.version" value="1.8.0_311"/>
    <property name="user.dir" value="/Users/motohalo/Documents/study/spackfiress/mall-ware"/>
    <property name="os.arch" value="x86_64"/>
    <property name="java.vm.specification.name" value="Java Virtual Machine Specification"/>
    <property name="java.awt.printerjob" value="sun.lwawt.macosx.CPrinterJob"/>
    <property name="sun.os.patch.level" value="unknown"/>
    <property name="java.library.path" value="/Users/motohalo/Library/Java/Extensions:/Library/Java/Extensions:/Network/Library/Java/Extensions:/System/Library/Java/Extensions:/usr/lib/java:."/>
    <property name="java.vm.info" value="mixed mode"/>
    <property name="java.vendor" value="Oracle Corporation"/>
    <property name="java.vm.version" value="25.311-b11"/>
    <property name="java.ext.dirs" value="/Users/motohalo/Library/Java/Extensions:/Library/Java/JavaVirtualMachines/jdk1.8.0_311.jdk/Contents/Home/jre/lib/ext:/Library/Java/Extensions:/Network/Library/Java/Extensions:/System/Library/Java/Extensions:/usr/lib/java"/>
    <property name="sun.io.unicode.encoding" value="UnicodeBig"/>
    <property name="java.class.version" value="52.0"/>
  </properties>
  <testcase name="contextLoads" classname="com.msb.mall.ware.MallWareApplicationTests" time="0.2"/>
</testsuite>